<?xml version="1.0" encoding="UTF-8"?>
<!-- Generated by org.testng.reporters.JUnitReportReporter -->
<testsuite hostname="LAPTOP-5EAMJ23T" name="testCases.WebTableTestCase" tests="3" failures="0" timestamp="4 Jan 2019 05:30:52 GMT" time="20.317" errors="0">
  <testcase name="getVersion" time="7.905" classname="testCases.WebTableTestCase"/>
  <testcase name="rowCount" time="6.238" classname="testCases.WebTableTestCase"/>
  <testcase name="getYear" time="6.174" classname="testCases.WebTableTestCase"/>
</testsuite> <!-- testCases.WebTableTestCase -->
