<?xml version="1.0" encoding="UTF-8"?>
<!-- Generated by org.testng.reporters.JUnitReportReporter -->
<testsuite skipped="0" hostname="LAPTOP-5EAMJ23T" name="testCases.WebTableTestCase" tests="3" failures="0" timestamp="02 Feb 2019 04:38:59 GMT" time="18.425" errors="0">
  <testcase name="rowCount" time="4.933" classname="testCases.WebTableTestCase"/>
  <testcase name="getVersion" time="6.165" classname="testCases.WebTableTestCase"/>
  <testcase name="getYear" time="7.327" classname="testCases.WebTableTestCase"/>
</testsuite> <!-- testCases.WebTableTestCase -->
