<?xml version="1.0" encoding="UTF-8"?>
<!-- Generated by org.testng.reporters.JUnitReportReporter -->
<testsuite hostname="LAPTOP-5EAMJ23T" name="testCases.WebTableTestCase" tests="3" failures="0" timestamp="2 Jan 2019 08:04:43 GMT" time="16.284" errors="0">
  <testcase name="getVersion" time="6.082" classname="testCases.WebTableTestCase"/>
  <testcase name="rowCount" time="5.015" classname="testCases.WebTableTestCase"/>
  <testcase name="getYear" time="5.187" classname="testCases.WebTableTestCase"/>
</testsuite> <!-- testCases.WebTableTestCase -->
