<?xml version="1.0" encoding="UTF-8"?>
<!-- Generated by org.testng.reporters.JUnitReportReporter -->
<testsuite hostname="LAPTOP-5EAMJ23T" name="testCases.WebTableTestCase" tests="2" failures="0" timestamp="27 Dec 2018 08:13:12 GMT" time="10.813" errors="0">
  <testcase name="version" time="5.878" classname="testCases.WebTableTestCase"/>
  <testcase name="rowCount" time="4.935" classname="testCases.WebTableTestCase"/>
</testsuite> <!-- testCases.WebTableTestCase -->
